<?xml version="1.0" encoding="UTF-8"?>
<!-- Generated by org.testng.reporters.JUnitXMLReporter -->
<testsuite ignored="0" hostname="DESKTOP-8104O1D" failures="3" tests="7" name="C:/Usuarios/admin/eclipse-workplace/test/src/test/java/com/selenium/test" time="43.829" errors="0" timestamp="2022-06-13T10:17:44 ART">
  <testcase classname="com.selenium.test.DespegarTests33" name="Despegar" time="0.053">
    <failure type="java.lang.NullPointerException">
      <![CDATA[java.lang.NullPointerException
at com.google.common.base.Preconditions.checkNotNull(Preconditions.java:882)
at org.openqa.selenium.support.ui.FluentWait.<init>(FluentWait.java:96)
at org.openqa.selenium.support.ui.WebDriverWait.<init>(WebDriverWait.java:72)
at org.openqa.selenium.support.ui.WebDriverWait.<init>(WebDriverWait.java:46)
at test.DespegarHomePage.<init>(DespegarHomePage.java:52)
at com.selenium.test.DespegarTests33.Despegar(DespegarTests33.java:33)
at java.base/java.util.ArrayList.forEach(ArrayList.java:1511)
... Removed 27 stack frames]]>
    </failure>
  </testcase> <!-- Despegar -->
  <testcase classname="com.selenium.test.DespegarTests33" name="Despegar" time="0.008">
    <failure type="java.lang.NullPointerException">
      <![CDATA[java.lang.NullPointerException
at com.google.common.base.Preconditions.checkNotNull(Preconditions.java:882)
at org.openqa.selenium.support.ui.FluentWait.<init>(FluentWait.java:96)
at org.openqa.selenium.support.ui.WebDriverWait.<init>(WebDriverWait.java:72)
at org.openqa.selenium.support.ui.WebDriverWait.<init>(WebDriverWait.java:46)
at test.DespegarHomePage.<init>(DespegarHomePage.java:52)
at com.selenium.test.DespegarTests33.Despegar(DespegarTests33.java:33)
at java.base/java.util.ArrayList.forEach(ArrayList.java:1511)
... Removed 27 stack frames]]>
    </failure>
  </testcase> <!-- Despegar -->
  <testcase classname="com.selenium.test.DespegarTests33" name="Despegar" time="0.004">
    <failure type="java.lang.NullPointerException">
      <![CDATA[java.lang.NullPointerException
at com.google.common.base.Preconditions.checkNotNull(Preconditions.java:882)
at org.openqa.selenium.support.ui.FluentWait.<init>(FluentWait.java:96)
at org.openqa.selenium.support.ui.WebDriverWait.<init>(WebDriverWait.java:72)
at org.openqa.selenium.support.ui.WebDriverWait.<init>(WebDriverWait.java:46)
at test.DespegarHomePage.<init>(DespegarHomePage.java:52)
at com.selenium.test.DespegarTests33.Despegar(DespegarTests33.java:33)
at java.base/java.util.ArrayList.forEach(ArrayList.java:1511)
... Removed 27 stack frames]]>
    </failure>
  </testcase> <!-- Despegar -->
  <testcase classname="com.selenium.test.WikiTests11" name="ValidarBusquedaWikipedia" time="14.764"/>
  <testcase classname="com.selenium.test.WikiTests11" name="ValidarBusquedaWikipedia" time="9.405"/>
  <testcase classname="com.selenium.test.WikiTests11" name="ValidarBusquedaWikipedia" time="10.197"/>
  <testcase classname="com.selenium.test.WikiTests22" name="ValidarBusquedaWikipedia" time="9.308"/>
</testsuite> <!-- C:/Usuarios/admin/eclipse-workplace/test/src/test/java/com/selenium/test -->
